[debug] [2025-06-23T10:52:39.697Z] ----------------------------------------------------------------------
[debug] [2025-06-23T10:52:39.704Z] Command:       C:\Program Files\nodejs\node.exe C:\Users\TUF\AppData\Roaming\npm\node_modules\firebase-tools\lib\bin\firebase.js init
[debug] [2025-06-23T10:52:39.704Z] CLI Version:   14.8.0
[debug] [2025-06-23T10:52:39.705Z] Platform:      win32
[debug] [2025-06-23T10:52:39.705Z] Node Version:  v22.16.0
[debug] [2025-06-23T10:52:39.705Z] Time:          Mon Jun 23 2025 16:22:39 GMT+0530 (India Standard Time)
[debug] [2025-06-23T10:52:39.705Z] ----------------------------------------------------------------------
[debug] 
[debug] [2025-06-23T10:52:39.711Z] > command requires scopes: ["email","openid","https://www.googleapis.com/auth/cloudplatformprojects.readonly","https://www.googleapis.com/auth/firebase","https://www.googleapis.com/auth/cloud-platform"]
[debug] [2025-06-23T10:52:39.712Z] > authorizing via signed-in user (subhamkumarmohanty48@gmail.com)
[info] 
     ######## #### ########  ######## ########     ###     ######  ########
     ##        ##  ##     ## ##       ##     ##  ##   ##  ##       ##
     ######    ##  ########  ######   ########  #########  ######  ######
     ##        ##  ##    ##  ##       ##     ## ##     ##       ## ##
     ##       #### ##     ## ######## ########  ##     ##  ######  ########

You're about to initialize a Firebase project in this directory:

  C:\Users\TUF\Downloads\vscode\flashcard-app

[debug] [2025-06-23T13:29:41.477Z] ExitPromptError: User force closed the prompt with SIGINT
    at Interface.sigint (C:\Users\TUF\AppData\Roaming\npm\node_modules\firebase-tools\node_modules\@inquirer\core\dist\commonjs\lib\create-prompt.js:101:37)
    at Interface.emit (node:events:518:28)
    at Interface.emit (node:domain:489:12)
    at [_ttyWrite] [as _ttyWrite] (node:internal/readline/interface:1128:18)
    at ReadStream.onkeypress (node:internal/readline/interface:267:20)
    at ReadStream.emit (node:events:530:35)
    at ReadStream.emit (node:domain:489:12)
    at emitKeys (node:internal/readline/utils:370:14)
    at emitKeys.next (<anonymous>)
    at ReadStream.onData (node:internal/readline/emitKeypressEvents:64:36)
[error] 
[error] Error: An unexpected error has occurred.
